 parameter for potential barrier:
 # ibar:  1
 # epsx: 0.5000000E-02
 # zparup: 0.0000000E+00-0.1000000E+01 0.1000000E+01
 # zpardn: 0.0000000E+00-0.1000000E+01 0.1000000E+01
 # bparp: 0.1340000E+01-0.2000000E+01 0.1018000E+01
 =======================
 ** start new input **
 =====================
 lattice constant      :     7.7100800
 real basis 1          :   5.45185   0.00000
 real basis 2          :  -2.72592   4.72144
 reciprocal basis 1    :   1.15249   0.66539
 reciprocal basis 2    :   0.00000   1.33078
 bulkrepeat unit=   0.4451E+01  0.1559E-06 -0.3148E+01
 input data:
 ===========
 0.3000000E+03-0.2006689E-01 0.9969861E+01 0.2000000E+01 0.2000000E-01
 0.5000000E+02 0.7969861E+01 0.1296986E+02 0.4500000E+02 0.9000000E+02
 0.0000000E+00 0.0000000E+00
 0.0000000E+00
 0.0000000E+00
 69  0  1  1  1  2  4 30 37 12 12  4
-0.2000000E+02 0.2000000E+02 0.0000000E+00 0.0000000E+00 0.0000000E+00
 0.0000000E+00 0.0000000E+00
 0.0000000E+00 0.0000000E+00 0.0000000E+00 0.0000000E+00 0.0000000E+00
 0.0000000E+00
200  1  1  0  0
  1  1  0
 0.1000000E+01 0.0000000E+00 0.0000000E+00 0.0000000E+00 0.0000000E+00
 0.0000000E+00 0.1000000E+01 0.0000000E+00
 1-0.3000000E+01-0.5000000E+03
  1  0  0  1
 0.0000000E+00
  0-0.3000000E+00 0.5000000E+00
  0-0.4400000E+02-0.3600000E+02 0.1000000E+01 0.5000000E+00
 0.5000000E-01 0.9200000E+01 0.1000000E+00
 0 0.1000000E+00 0.1000000E+01 0.1000000E-01
  0  0
 2 0.1000000E+00 0.3000000E+03
 input data end
 ==============
  NLAT_G_VEC of rez lattice vectors
  to get closed ring (First 40)

 *******************************************************************************
   1   1   7  13  19  31  37  43  55  61  73  85  91  97 109
 121 127 139 151 163 169 187 199 211 223 235 241 253 265 271
 283 295 301 313 337 349 361 367 379 385
 *******************************************************************************

 vacuum-wavevector of the photonfield:   0.00000000   0.00948124   0.00948124
 vector potential  of the photonfield:
 aa(i=1,3)=  (  0.00000000  0.00000000) (  0.70710678  0.00000000) ( -0.70710678  0.00000000)
 stookes-vector    of the photonfield  0.10000E+01    0.000%  100.000%    0.000%
    -0.11494E+01    -0.19732E+01     0.54697E-05     0.34152E+00     0.36688E-05     0.18008E-05
    -0.11383E+01    -0.19732E+01     0.51827E-05     0.35391E+00     0.35085E-05     0.16742E-05
    -0.11272E+01    -0.19732E+01     0.49365E-05     0.36581E+00     0.33711E-05     0.15653E-05
    -0.11161E+01    -0.19732E+01     0.47292E-05     0.37697E+00     0.32560E-05     0.14732E-05
    -0.11049E+01    -0.19732E+01     0.45595E-05     0.38714E+00     0.31623E-05     0.13972E-05
    -0.10938E+01    -0.19732E+01     0.44258E-05     0.39607E+00     0.30894E-05     0.13364E-05
    -0.10826E+01    -0.19732E+01     0.43271E-05     0.40351E+00     0.30366E-05     0.12905E-05
    -0.10715E+01    -0.19732E+01     0.42625E-05     0.40922E+00     0.30034E-05     0.12591E-05
    -0.10603E+01    -0.19732E+01     0.42314E-05     0.41297E+00     0.29894E-05     0.12420E-05
    -0.10491E+01    -0.19732E+01     0.42336E-05     0.41456E+00     0.29943E-05     0.12393E-05
    -0.10379E+01    -0.19732E+01     0.42693E-05     0.41380E+00     0.30179E-05     0.12513E-05
    -0.10267E+01    -0.19732E+01     0.43393E-05     0.41050E+00     0.30603E-05     0.12790E-05
    -0.10154E+01    -0.19732E+01     0.44452E-05     0.40449E+00     0.31216E-05     0.13236E-05
    -0.10042E+01    -0.19732E+01     0.45895E-05     0.39556E+00     0.32025E-05     0.13870E-05
    -0.99294E+00    -0.19732E+01     0.47764E-05     0.38346E+00     0.33040E-05     0.14724E-05
    -0.98167E+00    -0.19732E+01     0.50120E-05     0.36788E+00     0.34279E-05     0.15841E-05
    -0.97039E+00    -0.19732E+01     0.53058E-05     0.34836E+00     0.35771E-05     0.17287E-05
    -0.95910E+00    -0.19732E+01     0.56717E-05     0.32426E+00     0.37554E-05     0.19163E-05
    -0.94779E+00    -0.19732E+01     0.61315E-05     0.29454E+00     0.39687E-05     0.21628E-05
    -0.93648E+00    -0.19732E+01     0.67201E-05     0.25746E+00     0.42251E-05     0.24950E-05
    -0.92515E+00    -0.19732E+01     0.74974E-05     0.21006E+00     0.45361E-05     0.29612E-05
    -0.91381E+00    -0.19732E+01     0.85711E-05     0.14711E+00     0.49160E-05     0.36551E-05
    -0.90246E+00    -0.19732E+01     0.10135E-04     0.59441E-01     0.53687E-05     0.47663E-05
    -0.89110E+00    -0.19732E+01     0.12356E-04    -0.53945E-01     0.58446E-05     0.65111E-05
    -0.87972E+00    -0.19732E+01     0.14169E-04    -0.92369E-01     0.64303E-05     0.77391E-05
    -0.86834E+00    -0.19732E+01     0.13907E-04    -0.70382E-01     0.64640E-05     0.74427E-05
    -0.85695E+00    -0.19732E+01     0.12785E-04    -0.57841E-01     0.60226E-05     0.67620E-05
    -0.84554E+00    -0.19732E+01     0.11575E-04    -0.10356E-01     0.57278E-05     0.58476E-05
    -0.83413E+00    -0.19732E+01     0.12115E-04     0.10365E+00     0.66854E-05     0.54296E-05
    -0.82270E+00    -0.19732E+01     0.14146E-04     0.77890E-01     0.76238E-05     0.65220E-05
    -0.81127E+00    -0.19732E+01     0.14816E-04    -0.29497E-01     0.71896E-05     0.76266E-05
    -0.79982E+00    -0.19732E+01     0.14315E-04    -0.10553E+00     0.64023E-05     0.79131E-05
    -0.78836E+00    -0.19732E+01     0.13601E-04    -0.14893E+00     0.57878E-05     0.78134E-05
    -0.77690E+00    -0.19732E+01     0.12938E-04    -0.17240E+00     0.53536E-05     0.75840E-05
    -0.76542E+00    -0.19732E+01     0.12409E-04    -0.17932E+00     0.50920E-05     0.73172E-05
    -0.75394E+00    -0.19732E+01     0.12713E-04    -0.13502E+00     0.54982E-05     0.72147E-05
    -0.74245E+00    -0.19732E+01     0.19350E-04     0.44296E-01     0.10104E-04     0.92465E-05
    -0.73094E+00    -0.19732E+01     0.12549E-04    -0.13334E+00     0.54380E-05     0.71114E-05
    -0.71943E+00    -0.19732E+01     0.11404E-04    -0.15776E+00     0.48025E-05     0.66016E-05
    -0.70791E+00    -0.19732E+01     0.14271E-04    -0.11846E+00     0.62905E-05     0.79810E-05
    -0.69638E+00    -0.19732E+01     0.14655E-04    -0.15449E+00     0.61954E-05     0.84595E-05
    -0.68485E+00    -0.19732E+01     0.13846E-04    -0.14111E+00     0.59460E-05     0.78998E-05
    -0.67330E+00    -0.19732E+01     0.13542E-04    -0.12186E+00     0.59456E-05     0.75959E-05
    -0.66174E+00    -0.19732E+01     0.13388E-04    -0.10414E+00     0.59967E-05     0.73909E-05
    -0.65018E+00    -0.19732E+01     0.13284E-04    -0.88193E-01     0.60564E-05     0.72280E-05
    -0.63861E+00    -0.19732E+01     0.13199E-04    -0.73736E-01     0.61126E-05     0.70859E-05
    -0.62703E+00    -0.19732E+01     0.13118E-04    -0.60580E-01     0.61618E-05     0.69565E-05
    -0.61545E+00    -0.19732E+01     0.13041E-04    -0.48646E-01     0.62035E-05     0.68379E-05
    -0.60385E+00    -0.19732E+01     0.12970E-04    -0.37940E-01     0.62390E-05     0.67311E-05
    -0.59225E+00    -0.19732E+01     0.12909E-04    -0.28521E-01     0.62706E-05     0.66388E-05
    -0.58064E+00    -0.19732E+01     0.12865E-04    -0.20469E-01     0.63006E-05     0.65640E-05
    -0.56903E+00    -0.19732E+01     0.12841E-04    -0.13867E-01     0.63315E-05     0.65096E-05
    -0.55741E+00    -0.19732E+01     0.12843E-04    -0.87760E-02     0.63653E-05     0.64780E-05
    -0.54578E+00    -0.19732E+01     0.12874E-04    -0.52271E-02     0.64033E-05     0.64705E-05
    -0.53414E+00    -0.19732E+01     0.12933E-04    -0.32141E-02     0.64459E-05     0.64875E-05
    -0.52250E+00    -0.19732E+01     0.13021E-04    -0.26918E-02     0.64929E-05     0.65279E-05
    -0.51085E+00    -0.19732E+01     0.13132E-04    -0.35779E-02     0.65425E-05     0.65895E-05
    -0.49919E+00    -0.19732E+01     0.13262E-04    -0.57562E-02     0.65928E-05     0.66691E-05
    -0.48753E+00    -0.19732E+01     0.13403E-04    -0.90804E-02     0.66407E-05     0.67624E-05
    -0.47586E+00    -0.19732E+01     0.13547E-04    -0.13380E-01     0.66831E-05     0.68643E-05
    -0.46419E+00    -0.19732E+01     0.13686E-04    -0.18467E-01     0.67167E-05     0.69695E-05
    -0.45251E+00    -0.19732E+01     0.13811E-04    -0.24145E-01     0.67386E-05     0.70721E-05
    -0.44083E+00    -0.19732E+01     0.13912E-04    -0.30218E-01     0.67460E-05     0.71664E-05
    -0.42914E+00    -0.19732E+01     0.13984E-04    -0.36499E-01     0.67368E-05     0.72472E-05
    -0.41744E+00    -0.19732E+01     0.14019E-04    -0.42813E-01     0.67095E-05     0.73097E-05
    -0.40574E+00    -0.19732E+01     0.14013E-04    -0.49009E-01     0.66629E-05     0.73497E-05
    -0.39403E+00    -0.19732E+01     0.13961E-04    -0.54960E-01     0.65968E-05     0.73640E-05
    -0.38232E+00    -0.19732E+01     0.13862E-04    -0.60569E-01     0.65111E-05     0.73507E-05
    -0.37061E+00    -0.19732E+01     0.13715E-04    -0.65780E-01     0.64062E-05     0.73084E-05
    -0.35889E+00    -0.19732E+01     0.13520E-04    -0.70586E-01     0.62829E-05     0.72373E-05
    -0.34717E+00    -0.19732E+01     0.13281E-04    -0.75046E-01     0.61420E-05     0.71387E-05
    -0.33544E+00    -0.19732E+01     0.13000E-04    -0.79297E-01     0.59844E-05     0.70152E-05
    -0.32370E+00    -0.19732E+01     0.12682E-04    -0.83569E-01     0.58110E-05     0.68709E-05
    -0.31197E+00    -0.19732E+01     0.12334E-04    -0.88186E-01     0.56229E-05     0.67106E-05
    -0.30023E+00    -0.19732E+01     0.11962E-04    -0.93554E-01     0.54213E-05     0.65403E-05
    -0.28848E+00    -0.19732E+01     0.11574E-04    -0.10014E+00     0.52075E-05     0.63664E-05
    -0.27674E+00    -0.19732E+01     0.11178E-04    -0.10841E+00     0.49832E-05     0.61949E-05
    -0.26498E+00    -0.19732E+01     0.10782E-04    -0.11880E+00     0.47505E-05     0.60313E-05
    -0.25323E+00    -0.19732E+01     0.10391E-04    -0.13163E+00     0.45117E-05     0.58796E-05
    -0.24147E+00    -0.19732E+01     0.10012E-04    -0.14706E+00     0.42696E-05     0.57419E-05
    -0.22971E+00    -0.19732E+01     0.96457E-05    -0.16503E+00     0.40270E-05     0.56188E-05
    -0.21795E+00    -0.19732E+01     0.92953E-05    -0.18524E+00     0.37867E-05     0.55086E-05
    -0.20618E+00    -0.19732E+01     0.89606E-05    -0.20721E+00     0.35519E-05     0.54087E-05
    -0.19442E+00    -0.19732E+01     0.86407E-05    -0.23019E+00     0.33259E-05     0.53149E-05
    -0.18264E+00    -0.19732E+01     0.83345E-05    -0.25324E+00     0.31119E-05     0.52226E-05
    -0.17087E+00    -0.19732E+01     0.80399E-05    -0.27526E+00     0.29134E-05     0.51265E-05
    -0.15910E+00    -0.19732E+01     0.77543E-05    -0.29504E+00     0.27332E-05     0.50211E-05
    -0.14732E+00    -0.19732E+01     0.74744E-05    -0.31141E+00     0.25734E-05     0.49010E-05
    -0.13554E+00    -0.19732E+01     0.71958E-05    -0.32332E+00     0.24346E-05     0.47612E-05
    -0.12376E+00    -0.19732E+01     0.69134E-05    -0.33000E+00     0.23160E-05     0.45974E-05
    -0.11198E+00    -0.19732E+01     0.66222E-05    -0.33108E+00     0.22149E-05     0.44073E-05
    -0.10019E+00    -0.19732E+01     0.63189E-05    -0.32654E+00     0.21277E-05     0.41911E-05
    -0.88410E-01    -0.19732E+01     0.60034E-05    -0.31658E+00     0.20514E-05     0.39520E-05
    -0.76624E-01    -0.19732E+01     0.56801E-05    -0.30120E+00     0.19846E-05     0.36955E-05
    -0.64837E-01    -0.19732E+01     0.53583E-05    -0.27983E+00     0.19294E-05     0.34289E-05
    -0.53050E-01    -0.19732E+01     0.50513E-05    -0.25116E+00     0.18913E-05     0.31600E-05
    -0.41262E-01    -0.19732E+01     0.47752E-05    -0.21326E+00     0.18784E-05     0.28968E-05
    -0.29473E-01    -0.19732E+01     0.45473E-05    -0.16445E+00     0.18997E-05     0.26476E-05
    -0.17684E-01    -0.19732E+01     0.43841E-05    -0.10451E+00     0.19629E-05     0.24211E-05
    -0.58947E-02    -0.19732E+01     0.42987E-05    -0.35932E-01     0.20721E-05     0.22266E-05
     0.58947E-02    -0.19732E+01     0.42987E-05     0.35930E-01     0.22266E-05     0.20721E-05
     0.17684E-01    -0.19732E+01     0.43841E-05     0.10450E+00     0.24211E-05     0.19630E-05
     0.29473E-01    -0.19732E+01     0.45473E-05     0.16445E+00     0.26476E-05     0.18998E-05
     0.41262E-01    -0.19732E+01     0.47752E-05     0.21326E+00     0.28968E-05     0.18784E-05
     0.53050E-01    -0.19732E+01     0.50513E-05     0.25115E+00     0.31600E-05     0.18913E-05
     0.64837E-01    -0.19732E+01     0.53583E-05     0.27983E+00     0.34289E-05     0.19295E-05
     0.76624E-01    -0.19732E+01     0.56801E-05     0.30120E+00     0.36955E-05     0.19846E-05
     0.88410E-01    -0.19732E+01     0.60034E-05     0.31658E+00     0.39520E-05     0.20514E-05
     0.10019E+00    -0.19732E+01     0.63189E-05     0.32654E+00     0.41912E-05     0.21278E-05
     0.11198E+00    -0.19732E+01     0.66222E-05     0.33108E+00     0.44074E-05     0.22149E-05
     0.12376E+00    -0.19732E+01     0.69134E-05     0.33000E+00     0.45974E-05     0.23160E-05
     0.13554E+00    -0.19732E+01     0.71958E-05     0.32332E+00     0.47612E-05     0.24346E-05
     0.14732E+00    -0.19732E+01     0.74744E-05     0.31141E+00     0.49010E-05     0.25734E-05
     0.15910E+00    -0.19732E+01     0.77543E-05     0.29504E+00     0.50211E-05     0.27333E-05
     0.17087E+00    -0.19732E+01     0.80399E-05     0.27526E+00     0.51265E-05     0.29134E-05
     0.18264E+00    -0.19732E+01     0.83345E-05     0.25324E+00     0.52226E-05     0.31119E-05
     0.19442E+00    -0.19732E+01     0.86408E-05     0.23019E+00     0.53149E-05     0.33259E-05
     0.20618E+00    -0.19732E+01     0.89606E-05     0.20721E+00     0.54087E-05     0.35520E-05
     0.21795E+00    -0.19732E+01     0.92954E-05     0.18524E+00     0.55086E-05     0.37867E-05
     0.22971E+00    -0.19732E+01     0.96457E-05     0.16502E+00     0.56188E-05     0.40270E-05
     0.24147E+00    -0.19732E+01     0.10012E-04     0.14706E+00     0.57419E-05     0.42696E-05
     0.25323E+00    -0.19732E+01     0.10391E-04     0.13163E+00     0.58796E-05     0.45117E-05
     0.26498E+00    -0.19732E+01     0.10782E-04     0.11880E+00     0.60313E-05     0.47505E-05
     0.27674E+00    -0.19732E+01     0.11178E-04     0.10840E+00     0.61949E-05     0.49832E-05
     0.28848E+00    -0.19732E+01     0.11574E-04     0.10013E+00     0.63664E-05     0.52075E-05
     0.30023E+00    -0.19732E+01     0.11962E-04     0.93552E-01     0.65403E-05     0.54213E-05
     0.31197E+00    -0.19732E+01     0.12334E-04     0.88185E-01     0.67106E-05     0.56229E-05
     0.32370E+00    -0.19732E+01     0.12682E-04     0.83569E-01     0.68708E-05     0.58110E-05
     0.33544E+00    -0.19732E+01     0.13000E-04     0.79296E-01     0.70152E-05     0.59844E-05
     0.34717E+00    -0.19732E+01     0.13281E-04     0.75045E-01     0.71387E-05     0.61420E-05
     0.35889E+00    -0.19732E+01     0.13520E-04     0.70586E-01     0.72373E-05     0.62829E-05
     0.37061E+00    -0.19732E+01     0.13715E-04     0.65779E-01     0.73084E-05     0.64062E-05
     0.38232E+00    -0.19732E+01     0.13862E-04     0.60568E-01     0.73506E-05     0.65111E-05
     0.39403E+00    -0.19732E+01     0.13961E-04     0.54959E-01     0.73640E-05     0.65967E-05
     0.40574E+00    -0.19732E+01     0.14013E-04     0.49009E-01     0.73496E-05     0.66629E-05
     0.41744E+00    -0.19732E+01     0.14019E-04     0.42813E-01     0.73096E-05     0.67094E-05
     0.42914E+00    -0.19732E+01     0.13984E-04     0.36498E-01     0.72472E-05     0.67368E-05
     0.44083E+00    -0.19732E+01     0.13912E-04     0.30217E-01     0.71664E-05     0.67460E-05
     0.45251E+00    -0.19732E+01     0.13811E-04     0.24144E-01     0.70720E-05     0.67386E-05
     0.46419E+00    -0.19732E+01     0.13686E-04     0.18465E-01     0.69694E-05     0.67167E-05
     0.47586E+00    -0.19732E+01     0.13547E-04     0.13379E-01     0.68643E-05     0.66830E-05
     0.48753E+00    -0.19732E+01     0.13403E-04     0.90792E-02     0.67623E-05     0.66406E-05
     0.49919E+00    -0.19732E+01     0.13262E-04     0.57550E-02     0.66691E-05     0.65928E-05
     0.51085E+00    -0.19732E+01     0.13132E-04     0.35767E-02     0.65895E-05     0.65425E-05
     0.52250E+00    -0.19732E+01     0.13021E-04     0.26906E-02     0.65279E-05     0.64929E-05
     0.53414E+00    -0.19732E+01     0.12933E-04     0.32129E-02     0.64875E-05     0.64460E-05
     0.54578E+00    -0.19732E+01     0.12874E-04     0.52260E-02     0.64705E-05     0.64033E-05
     0.55741E+00    -0.19732E+01     0.12843E-04     0.87750E-02     0.64780E-05     0.63653E-05
     0.56903E+00    -0.19732E+01     0.12841E-04     0.13866E-01     0.65096E-05     0.63315E-05
     0.58064E+00    -0.19732E+01     0.12865E-04     0.20469E-01     0.65640E-05     0.63006E-05
     0.59225E+00    -0.19732E+01     0.12909E-04     0.28520E-01     0.66388E-05     0.62706E-05
     0.60385E+00    -0.19732E+01     0.12970E-04     0.37939E-01     0.67311E-05     0.62390E-05
     0.61545E+00    -0.19732E+01     0.13041E-04     0.48645E-01     0.68379E-05     0.62035E-05
     0.62703E+00    -0.19732E+01     0.13118E-04     0.60580E-01     0.69565E-05     0.61618E-05
     0.63861E+00    -0.19732E+01     0.13199E-04     0.73736E-01     0.70859E-05     0.61127E-05
     0.65018E+00    -0.19732E+01     0.13284E-04     0.88192E-01     0.72280E-05     0.60564E-05
     0.66174E+00    -0.19732E+01     0.13388E-04     0.10414E+00     0.73909E-05     0.59967E-05
     0.67330E+00    -0.19732E+01     0.13542E-04     0.12186E+00     0.75959E-05     0.59457E-05
     0.68485E+00    -0.19732E+01     0.13846E-04     0.14111E+00     0.78998E-05     0.59460E-05
     0.69638E+00    -0.19732E+01     0.14655E-04     0.15449E+00     0.84595E-05     0.61954E-05
     0.70791E+00    -0.19732E+01     0.14272E-04     0.11845E+00     0.79811E-05     0.62905E-05
     0.71943E+00    -0.19732E+01     0.11404E-04     0.15776E+00     0.66016E-05     0.48025E-05
     0.73094E+00    -0.19732E+01     0.12549E-04     0.13334E+00     0.71114E-05     0.54381E-05
     0.74245E+00    -0.19732E+01     0.19350E-04    -0.44299E-01     0.92465E-05     0.10104E-04
     0.75394E+00    -0.19732E+01     0.12713E-04     0.13502E+00     0.72147E-05     0.54983E-05
     0.76542E+00    -0.19732E+01     0.12409E-04     0.17932E+00     0.73172E-05     0.50920E-05
     0.77690E+00    -0.19732E+01     0.12938E-04     0.17240E+00     0.75841E-05     0.53536E-05
     0.78836E+00    -0.19732E+01     0.13601E-04     0.14893E+00     0.78135E-05     0.57878E-05
     0.79982E+00    -0.19732E+01     0.14315E-04     0.10553E+00     0.79131E-05     0.64024E-05
     0.81127E+00    -0.19732E+01     0.14816E-04     0.29496E-01     0.76267E-05     0.71896E-05
     0.82270E+00    -0.19732E+01     0.14146E-04    -0.77890E-01     0.65220E-05     0.76239E-05
     0.83413E+00    -0.19732E+01     0.12115E-04    -0.10365E+00     0.54297E-05     0.66854E-05
     0.84554E+00    -0.19732E+01     0.11575E-04     0.10354E-01     0.58477E-05     0.57278E-05
     0.85695E+00    -0.19732E+01     0.12785E-04     0.57840E-01     0.67621E-05     0.60226E-05
     0.86834E+00    -0.19732E+01     0.13907E-04     0.70382E-01     0.74428E-05     0.64640E-05
     0.87972E+00    -0.19732E+01     0.14169E-04     0.92371E-01     0.77392E-05     0.64303E-05
     0.89110E+00    -0.19732E+01     0.12356E-04     0.53946E-01     0.65111E-05     0.58446E-05
     0.90246E+00    -0.19732E+01     0.10135E-04    -0.59441E-01     0.47663E-05     0.53687E-05
     0.91381E+00    -0.19732E+01     0.85711E-05    -0.14711E+00     0.36551E-05     0.49160E-05
     0.92515E+00    -0.19732E+01     0.74974E-05    -0.21006E+00     0.29612E-05     0.45361E-05
     0.93648E+00    -0.19732E+01     0.67200E-05    -0.25746E+00     0.24950E-05     0.42251E-05
     0.94779E+00    -0.19732E+01     0.61314E-05    -0.29454E+00     0.21627E-05     0.39687E-05
     0.95910E+00    -0.19732E+01     0.56717E-05    -0.32426E+00     0.19163E-05     0.37554E-05
     0.97039E+00    -0.19732E+01     0.53058E-05    -0.34836E+00     0.17287E-05     0.35770E-05
     0.98167E+00    -0.19732E+01     0.50120E-05    -0.36788E+00     0.15841E-05     0.34279E-05
     0.99294E+00    -0.19732E+01     0.47763E-05    -0.38346E+00     0.14724E-05     0.33039E-05
     0.10042E+01    -0.19732E+01     0.45895E-05    -0.39556E+00     0.13870E-05     0.32024E-05
     0.10154E+01    -0.19732E+01     0.44451E-05    -0.40450E+00     0.13235E-05     0.31216E-05
     0.10267E+01    -0.19732E+01     0.43393E-05    -0.41051E+00     0.12790E-05     0.30603E-05
     0.10379E+01    -0.19732E+01     0.42692E-05    -0.41380E+00     0.12513E-05     0.30179E-05
     0.10491E+01    -0.19732E+01     0.42335E-05    -0.41456E+00     0.12392E-05     0.29943E-05
     0.10603E+01    -0.19732E+01     0.42314E-05    -0.41297E+00     0.12420E-05     0.29894E-05
     0.10715E+01    -0.19732E+01     0.42625E-05    -0.40922E+00     0.12591E-05     0.30034E-05
     0.10826E+01    -0.19732E+01     0.43271E-05    -0.40351E+00     0.12905E-05     0.30366E-05
     0.10938E+01    -0.19732E+01     0.44258E-05    -0.39608E+00     0.13364E-05     0.30894E-05
     0.11049E+01    -0.19732E+01     0.45595E-05    -0.38714E+00     0.13972E-05     0.31623E-05
     0.11161E+01    -0.19732E+01     0.47292E-05    -0.37697E+00     0.14732E-05     0.32560E-05
     0.11272E+01    -0.19732E+01     0.49365E-05    -0.36581E+00     0.15653E-05     0.33711E-05
     0.11383E+01    -0.19732E+01     0.51827E-05    -0.35392E+00     0.16742E-05     0.35085E-05
     0.11494E+01    -0.19732E+01     0.54696E-05    -0.34152E+00     0.18008E-05     0.36688E-05
    -0.11491E+01    -0.19933E+01     0.53556E-05     0.35162E+00     0.36193E-05     0.17362E-05
    -0.11380E+01    -0.19933E+01     0.50789E-05     0.36373E+00     0.34631E-05     0.16158E-05
    -0.11269E+01    -0.19933E+01     0.48394E-05     0.37546E+00     0.33282E-05     0.15112E-05
    -0.11158E+01    -0.19933E+01     0.46361E-05     0.38659E+00     0.32142E-05     0.14219E-05
    -0.11047E+01    -0.19933E+01     0.44678E-05     0.39687E+00     0.31205E-05     0.13473E-05
    -0.10935E+01    -0.19933E+01     0.43334E-05     0.40605E+00     0.30465E-05     0.12869E-05
    -0.10824E+01    -0.19933E+01     0.42318E-05     0.41388E+00     0.29916E-05     0.12402E-05
    -0.10712E+01    -0.19933E+01     0.41624E-05     0.42013E+00     0.29556E-05     0.12068E-05
    -0.10600E+01    -0.19933E+01     0.41245E-05     0.42457E+00     0.29378E-05     0.11867E-05
    -0.10489E+01    -0.19933E+01     0.41178E-05     0.42699E+00     0.29381E-05     0.11798E-05
    -0.10377E+01    -0.19933E+01     0.41425E-05     0.42719E+00     0.29561E-05     0.11864E-05
    -0.10264E+01    -0.19933E+01     0.41989E-05     0.42500E+00     0.29917E-05     0.12072E-05
    -0.10152E+01    -0.19933E+01     0.42882E-05     0.42023E+00     0.30451E-05     0.12431E-05
    -0.10040E+01    -0.19933E+01     0.44121E-05     0.41269E+00     0.31165E-05     0.12956E-05
    -0.99271E+00    -0.19933E+01     0.45738E-05     0.40217E+00     0.32066E-05     0.13672E-05
    -0.98144E+00    -0.19933E+01     0.47779E-05     0.38839E+00     0.33168E-05     0.14611E-05
    -0.97017E+00    -0.19933E+01     0.50313E-05     0.37103E+00     0.34490E-05     0.15822E-05
    -0.95887E+00    -0.19933E+01     0.53440E-05     0.34958E+00     0.36061E-05     0.17379E-05
    -0.94757E+00    -0.19933E+01     0.57316E-05     0.32327E+00     0.37922E-05     0.19394E-05
    -0.93626E+00    -0.19933E+01     0.62179E-05     0.29080E+00     0.40131E-05     0.22049E-05
    -0.92493E+00    -0.19933E+01     0.68432E-05     0.25001E+00     0.42770E-05     0.25662E-05
    -0.91360E+00    -0.19933E+01     0.76780E-05     0.19708E+00     0.45956E-05     0.30824E-05
    -0.90225E+00    -0.19933E+01     0.88532E-05     0.12521E+00     0.49808E-05     0.38723E-05
    -0.89089E+00    -0.19933E+01     0.10600E-04     0.23096E-01     0.54222E-05     0.51774E-05
    -0.87952E+00    -0.19933E+01     0.12885E-04    -0.86446E-01     0.58856E-05     0.69995E-05
    -0.86814E+00    -0.19933E+01     0.13959E-04    -0.88353E-01     0.63629E-05     0.75963E-05
    -0.85675E+00    -0.19933E+01     0.13129E-04    -0.69235E-01     0.61100E-05     0.70189E-05
    -0.84534E+00    -0.19933E+01     0.11837E-04    -0.60369E-01     0.55614E-05     0.62760E-05
    -0.83393E+00    -0.19933E+01     0.11036E-04     0.22103E-01     0.56400E-05     0.53961E-05
    -0.82251E+00    -0.19933E+01     0.12229E-04     0.11800E+00     0.68358E-05     0.53929E-05
    -0.81108E+00    -0.19933E+01     0.14171E-04     0.60711E-01     0.75154E-05     0.66551E-05
    -0.79963E+00    -0.19933E+01     0.14469E-04    -0.42646E-01     0.69261E-05     0.75431E-05
    -0.78818E+00    -0.19933E+01     0.13841E-04    -0.11150E+00     0.61487E-05     0.76920E-05
    -0.77672E+00    -0.19933E+01     0.13098E-04    -0.15049E+00     0.55634E-05     0.75344E-05
    -0.76525E+00    -0.19933E+01     0.12453E-04    -0.16927E+00     0.51724E-05     0.72803E-05
    -0.75376E+00    -0.19933E+01     0.12176E-04    -0.15829E+00     0.51245E-05     0.70518E-05
    -0.74227E+00    -0.19933E+01     0.17042E-04     0.24777E-01     0.87320E-05     0.83097E-05
    -0.73077E+00    -0.19933E+01     0.14079E-04    -0.85560E-01     0.64371E-05     0.76416E-05
    -0.71926E+00    -0.19933E+01     0.11517E-04    -0.15651E+00     0.48572E-05     0.66597E-05
    -0.70775E+00    -0.19933E+01     0.11754E-04    -0.14472E+00     0.50266E-05     0.67276E-05
    -0.69622E+00    -0.19933E+01     0.15066E-04    -0.14071E+00     0.64732E-05     0.85931E-05
    -0.68469E+00    -0.19933E+01     0.13901E-04    -0.14976E+00     0.59095E-05     0.79914E-05
    -0.67314E+00    -0.19933E+01     0.13409E-04    -0.13300E+00     0.58129E-05     0.75964E-05
    -0.66159E+00    -0.19933E+01     0.13187E-04    -0.11635E+00     0.58264E-05     0.73606E-05
    -0.65003E+00    -0.19933E+01     0.13055E-04    -0.10162E+00     0.58641E-05     0.71908E-05
    -0.63846E+00    -0.19933E+01     0.12957E-04    -0.88642E-01     0.59044E-05     0.70529E-05
    -0.62689E+00    -0.19933E+01     0.12875E-04    -0.77155E-01     0.59407E-05     0.69341E-05
    -0.61530E+00    -0.19933E+01     0.12802E-04    -0.67002E-01     0.59720E-05     0.68297E-05
    -0.60371E+00    -0.19933E+01     0.12738E-04    -0.58118E-01     0.59991E-05     0.67394E-05
    -0.59211E+00    -0.19933E+01     0.12689E-04    -0.50497E-01     0.60239E-05     0.66646E-05
    -0.58051E+00    -0.19933E+01     0.12656E-04    -0.44165E-01     0.60487E-05     0.66077E-05
    -0.56890E+00    -0.19933E+01     0.12646E-04    -0.39154E-01     0.60756E-05     0.65708E-05
    -0.55728E+00    -0.19933E+01     0.12662E-04    -0.35486E-01     0.61063E-05     0.65556E-05
    -0.54565E+00    -0.19933E+01     0.12705E-04    -0.33164E-01     0.61419E-05     0.65632E-05
    -0.53402E+00    -0.19933E+01     0.12776E-04    -0.32165E-01     0.61825E-05     0.65935E-05
    -0.52238E+00    -0.19933E+01     0.12873E-04    -0.32439E-01     0.62276E-05     0.66452E-05
    -0.51073E+00    -0.19933E+01     0.12992E-04    -0.33907E-01     0.62756E-05     0.67161E-05
    -0.49908E+00    -0.19933E+01     0.13127E-04    -0.36466E-01     0.63243E-05     0.68030E-05
    -0.48742E+00    -0.19933E+01     0.13273E-04    -0.39985E-01     0.63711E-05     0.69018E-05
    -0.47575E+00    -0.19933E+01     0.13421E-04    -0.44317E-01     0.64129E-05     0.70076E-05
    -0.46408E+00    -0.19933E+01     0.13562E-04    -0.49295E-01     0.64468E-05     0.71153E-05
    -0.45241E+00    -0.19933E+01     0.13689E-04    -0.54749E-01     0.64699E-05     0.72194E-05
    -0.44072E+00    -0.19933E+01     0.13794E-04    -0.60506E-01     0.64799E-05     0.73145E-05
    -0.42904E+00    -0.19933E+01     0.13870E-04    -0.66396E-01     0.64745E-05     0.73955E-05
    -0.41734E+00    -0.19933E+01     0.13910E-04    -0.72267E-01     0.64524E-05     0.74577E-05
    -0.40565E+00    -0.19933E+01     0.13910E-04    -0.77979E-01     0.64126E-05     0.74973E-05
    -0.39394E+00    -0.19933E+01     0.13866E-04    -0.83416E-01     0.63545E-05     0.75111E-05
    -0.38223E+00    -0.19933E+01     0.13775E-04    -0.88487E-01     0.62781E-05     0.74970E-05
    -0.37052E+00    -0.19933E+01     0.13637E-04    -0.93138E-01     0.61834E-05     0.74536E-05
    -0.35881E+00    -0.19933E+01     0.13452E-04    -0.97356E-01     0.60710E-05     0.73806E-05
    -0.34708E+00    -0.19933E+01     0.13220E-04    -0.10119E+00     0.59413E-05     0.72791E-05
    -0.33536E+00    -0.19933E+01     0.12946E-04    -0.10476E+00     0.57949E-05     0.71510E-05
    -0.32363E+00    -0.19933E+01     0.12632E-04    -0.10827E+00     0.56321E-05     0.69998E-05
    -0.31189E+00    -0.19933E+01     0.12284E-04    -0.11205E+00     0.54536E-05     0.68299E-05
    -0.30016E+00    -0.19933E+01     0.11907E-04    -0.11648E+00     0.52600E-05     0.66469E-05
    -0.28842E+00    -0.19933E+01     0.11509E-04    -0.12205E+00     0.50522E-05     0.64568E-05
    -0.27667E+00    -0.19933E+01     0.11098E-04    -0.12927E+00     0.48316E-05     0.62662E-05
    -0.26492E+00    -0.19933E+01     0.10681E-04    -0.13863E+00     0.46001E-05     0.60808E-05
    -0.25317E+00    -0.19933E+01     0.10266E-04    -0.15055E+00     0.43601E-05     0.59056E-05
    -0.24142E+00    -0.19933E+01     0.98589E-05    -0.16528E+00     0.41147E-05     0.57442E-05
    -0.22966E+00    -0.19933E+01     0.94653E-05    -0.18285E+00     0.38673E-05     0.55980E-05
    -0.21790E+00    -0.19933E+01     0.90883E-05    -0.20305E+00     0.36214E-05     0.54669E-05
    -0.20614E+00    -0.19933E+01     0.87297E-05    -0.22543E+00     0.33809E-05     0.53488E-05
    -0.19437E+00    -0.19933E+01     0.83902E-05    -0.24926E+00     0.31494E-05     0.52408E-05
    -0.18260E+00    -0.19933E+01     0.80691E-05    -0.27360E+00     0.29307E-05     0.51384E-05
    -0.17083E+00    -0.19933E+01     0.77653E-05    -0.29730E+00     0.27284E-05     0.50370E-05
    -0.15906E+00    -0.19933E+01     0.74764E-05    -0.31910E+00     0.25453E-05     0.49311E-05
    -0.14729E+00    -0.19933E+01     0.71991E-05    -0.33776E+00     0.23838E-05     0.48153E-05
    -0.13551E+00    -0.19933E+01     0.69291E-05    -0.35210E+00     0.22447E-05     0.46844E-05
    -0.12373E+00    -0.19933E+01     0.66612E-05    -0.36120E+00     0.21276E-05     0.45336E-05
    -0.11195E+00    -0.19933E+01     0.63902E-05    -0.36443E+00     0.20307E-05     0.43595E-05
    -0.10017E+00    -0.19933E+01     0.61115E-05    -0.36149E+00     0.19511E-05     0.41604E-05
    -0.88389E-01    -0.19933E+01     0.58234E-05    -0.35230E+00     0.18859E-05     0.39375E-05
    -0.76606E-01    -0.19933E+01     0.55276E-05    -0.33665E+00     0.18334E-05     0.36942E-05
    -0.64822E-01    -0.19933E+01     0.52309E-05    -0.31387E+00     0.17945E-05     0.34363E-05
    -0.53037E-01    -0.19933E+01     0.49445E-05    -0.28251E+00     0.17738E-05     0.31707E-05
    -0.41252E-01    -0.19933E+01     0.46835E-05    -0.24049E+00     0.17786E-05     0.29049E-05
    -0.29466E-01    -0.19933E+01     0.44654E-05    -0.18589E+00     0.18177E-05     0.26477E-05
    -0.17680E-01    -0.19933E+01     0.43075E-05    -0.11837E+00     0.18988E-05     0.24087E-05
    -0.58933E-02    -0.19933E+01     0.42244E-05    -0.40746E-01     0.20261E-05     0.21983E-05
     0.58933E-02    -0.19933E+01     0.42244E-05     0.40745E-01     0.21983E-05     0.20261E-05
     0.17680E-01    -0.19933E+01     0.43075E-05     0.11837E+00     0.24087E-05     0.18988E-05
     0.29466E-01    -0.19933E+01     0.44654E-05     0.18589E+00     0.26477E-05     0.18177E-05
     0.41252E-01    -0.19933E+01     0.46835E-05     0.24049E+00     0.29049E-05     0.17786E-05
     0.53037E-01    -0.19933E+01     0.49445E-05     0.28251E+00     0.31707E-05     0.17738E-05
     0.64822E-01    -0.19933E+01     0.52309E-05     0.31387E+00     0.34363E-05     0.17945E-05
     0.76606E-01    -0.19933E+01     0.55276E-05     0.33665E+00     0.36943E-05     0.18334E-05
     0.88389E-01    -0.19933E+01     0.58234E-05     0.35230E+00     0.39375E-05     0.18859E-05
     0.10017E+00    -0.19933E+01     0.61116E-05     0.36149E+00     0.41604E-05     0.19511E-05
     0.11195E+00    -0.19933E+01     0.63902E-05     0.36443E+00     0.43595E-05     0.20307E-05
     0.12373E+00    -0.19933E+01     0.66612E-05     0.36120E+00     0.45336E-05     0.21276E-05
     0.13551E+00    -0.19933E+01     0.69291E-05     0.35210E+00     0.46844E-05     0.22447E-05
     0.14729E+00    -0.19933E+01     0.71992E-05     0.33776E+00     0.48154E-05     0.23838E-05
     0.15906E+00    -0.19933E+01     0.74765E-05     0.31910E+00     0.49311E-05     0.25454E-05
     0.17083E+00    -0.19933E+01     0.77654E-05     0.29730E+00     0.50370E-05     0.27284E-05
     0.18260E+00    -0.19933E+01     0.80692E-05     0.27360E+00     0.51384E-05     0.29307E-05
     0.19437E+00    -0.19933E+01     0.83902E-05     0.24926E+00     0.52408E-05     0.31494E-05
     0.20614E+00    -0.19933E+01     0.87298E-05     0.22543E+00     0.53488E-05     0.33809E-05
     0.21790E+00    -0.19933E+01     0.90883E-05     0.20305E+00     0.54669E-05     0.36215E-05
     0.22966E+00    -0.19933E+01     0.94653E-05     0.18285E+00     0.55980E-05     0.38673E-05
     0.24142E+00    -0.19933E+01     0.98589E-05     0.16528E+00     0.57442E-05     0.41147E-05
     0.25317E+00    -0.19933E+01     0.10266E-04     0.15055E+00     0.59056E-05     0.43601E-05
     0.26492E+00    -0.19933E+01     0.10681E-04     0.13863E+00     0.60808E-05     0.46001E-05
     0.27667E+00    -0.19933E+01     0.11098E-04     0.12927E+00     0.62662E-05     0.48316E-05
     0.28842E+00    -0.19933E+01     0.11509E-04     0.12205E+00     0.64568E-05     0.50522E-05
     0.30016E+00    -0.19933E+01     0.11907E-04     0.11648E+00     0.66469E-05     0.52600E-05
     0.31189E+00    -0.19933E+01     0.12284E-04     0.11205E+00     0.68299E-05     0.54536E-05
     0.32363E+00    -0.19933E+01     0.12632E-04     0.10827E+00     0.69998E-05     0.56321E-05
     0.33536E+00    -0.19933E+01     0.12946E-04     0.10476E+00     0.71510E-05     0.57949E-05
     0.34708E+00    -0.19933E+01     0.13220E-04     0.10119E+00     0.72791E-05     0.59413E-05
     0.35881E+00    -0.19933E+01     0.13452E-04     0.97355E-01     0.73806E-05     0.60710E-05
     0.37052E+00    -0.19933E+01     0.13637E-04     0.93137E-01     0.74535E-05     0.61834E-05
     0.38223E+00    -0.19933E+01     0.13775E-04     0.88487E-01     0.74970E-05     0.62781E-05
     0.39394E+00    -0.19933E+01     0.13866E-04     0.83415E-01     0.75111E-05     0.63545E-05
     0.40565E+00    -0.19933E+01     0.13910E-04     0.77978E-01     0.74973E-05     0.64126E-05
     0.41734E+00    -0.19933E+01     0.13910E-04     0.72266E-01     0.74577E-05     0.64524E-05
     0.42904E+00    -0.19933E+01     0.13870E-04     0.66396E-01     0.73954E-05     0.64745E-05
     0.44072E+00    -0.19933E+01     0.13794E-04     0.60505E-01     0.73145E-05     0.64799E-05
     0.45241E+00    -0.19933E+01     0.13689E-04     0.54748E-01     0.72194E-05     0.64699E-05
     0.46408E+00    -0.19933E+01     0.13562E-04     0.49294E-01     0.71153E-05     0.64468E-05
     0.47575E+00    -0.19933E+01     0.13421E-04     0.44315E-01     0.70076E-05     0.64129E-05
     0.48742E+00    -0.19933E+01     0.13273E-04     0.39984E-01     0.69018E-05     0.63711E-05
     0.49908E+00    -0.19933E+01     0.13127E-04     0.36464E-01     0.68030E-05     0.63243E-05
     0.51073E+00    -0.19933E+01     0.12992E-04     0.33906E-01     0.67161E-05     0.62756E-05
     0.52238E+00    -0.19933E+01     0.12873E-04     0.32438E-01     0.66452E-05     0.62276E-05
     0.53402E+00    -0.19933E+01     0.12776E-04     0.32164E-01     0.65935E-05     0.61825E-05
     0.54565E+00    -0.19933E+01     0.12705E-04     0.33163E-01     0.65632E-05     0.61419E-05
     0.55728E+00    -0.19933E+01     0.12662E-04     0.35485E-01     0.65556E-05     0.61063E-05
     0.56890E+00    -0.19933E+01     0.12646E-04     0.39153E-01     0.65708E-05     0.60756E-05
     0.58051E+00    -0.19933E+01     0.12656E-04     0.44164E-01     0.66077E-05     0.60487E-05
     0.59211E+00    -0.19933E+01     0.12689E-04     0.50496E-01     0.66646E-05     0.60239E-05
     0.60371E+00    -0.19933E+01     0.12738E-04     0.58117E-01     0.67394E-05     0.59991E-05
     0.61530E+00    -0.19933E+01     0.12802E-04     0.67001E-01     0.68297E-05     0.59720E-05
     0.62689E+00    -0.19933E+01     0.12875E-04     0.77154E-01     0.69341E-05     0.59407E-05
     0.63846E+00    -0.19933E+01     0.12957E-04     0.88641E-01     0.70529E-05     0.59044E-05
     0.65003E+00    -0.19933E+01     0.13055E-04     0.10162E+00     0.71908E-05     0.58642E-05
     0.66159E+00    -0.19933E+01     0.13187E-04     0.11635E+00     0.73606E-05     0.58264E-05
     0.67314E+00    -0.19933E+01     0.13409E-04     0.13300E+00     0.75964E-05     0.58129E-05
     0.68469E+00    -0.19933E+01     0.13901E-04     0.14976E+00     0.79914E-05     0.59095E-05
     0.69622E+00    -0.19933E+01     0.15066E-04     0.14071E+00     0.85931E-05     0.64732E-05
     0.70775E+00    -0.19933E+01     0.11754E-04     0.14472E+00     0.67276E-05     0.50266E-05
     0.71926E+00    -0.19933E+01     0.11517E-04     0.15651E+00     0.66597E-05     0.48572E-05
     0.73077E+00    -0.19933E+01     0.14079E-04     0.85557E-01     0.76416E-05     0.64371E-05
     0.74227E+00    -0.19933E+01     0.17042E-04    -0.24780E-01     0.83098E-05     0.87321E-05
     0.75376E+00    -0.19933E+01     0.12176E-04     0.15829E+00     0.70519E-05     0.51245E-05
     0.76525E+00    -0.19933E+01     0.12453E-04     0.16927E+00     0.72803E-05     0.51724E-05
     0.77672E+00    -0.19933E+01     0.13098E-04     0.15049E+00     0.75345E-05     0.55634E-05
     0.78818E+00    -0.19933E+01     0.13841E-04     0.11150E+00     0.76920E-05     0.61488E-05
     0.79963E+00    -0.19933E+01     0.14469E-04     0.42646E-01     0.75431E-05     0.69261E-05
     0.81108E+00    -0.19933E+01     0.14171E-04    -0.60711E-01     0.66552E-05     0.75155E-05
     0.82251E+00    -0.19933E+01     0.12229E-04    -0.11800E+00     0.53929E-05     0.68359E-05
     0.83393E+00    -0.19933E+01     0.11036E-04    -0.22104E-01     0.53961E-05     0.56401E-05
     0.84534E+00    -0.19933E+01     0.11837E-04     0.60368E-01     0.62760E-05     0.55614E-05
     0.85675E+00    -0.19933E+01     0.13129E-04     0.69234E-01     0.70190E-05     0.61100E-05
     0.86814E+00    -0.19933E+01     0.13959E-04     0.88354E-01     0.75963E-05     0.63629E-05
     0.87952E+00    -0.19933E+01     0.12885E-04     0.86448E-01     0.69995E-05     0.58856E-05
     0.89089E+00    -0.19933E+01     0.10600E-04    -0.23096E-01     0.51774E-05     0.54222E-05
     0.90225E+00    -0.19933E+01     0.88532E-05    -0.12521E+00     0.38723E-05     0.49808E-05
     0.91360E+00    -0.19933E+01     0.76780E-05    -0.19708E+00     0.30824E-05     0.45956E-05
     0.92493E+00    -0.19933E+01     0.68432E-05    -0.25001E+00     0.25662E-05     0.42770E-05
     0.93626E+00    -0.19933E+01     0.62179E-05    -0.29080E+00     0.22049E-05     0.40131E-05
     0.94757E+00    -0.19933E+01     0.57315E-05    -0.32327E+00     0.19394E-05     0.37922E-05
     0.95887E+00    -0.19933E+01     0.53440E-05    -0.34959E+00     0.17379E-05     0.36061E-05
     0.97017E+00    -0.19933E+01     0.50312E-05    -0.37103E+00     0.15822E-05     0.34490E-05
     0.98144E+00    -0.19933E+01     0.47779E-05    -0.38840E+00     0.14611E-05     0.33168E-05
     0.99271E+00    -0.19933E+01     0.45738E-05    -0.40217E+00     0.13672E-05     0.32066E-05
     0.10040E+01    -0.19933E+01     0.44121E-05    -0.41269E+00     0.12956E-05     0.31165E-05
     0.10152E+01    -0.19933E+01     0.42882E-05    -0.42023E+00     0.12431E-05     0.30451E-05
     0.10264E+01    -0.19933E+01     0.41989E-05    -0.42500E+00     0.12072E-05     0.29917E-05
     0.10377E+01    -0.19933E+01     0.41425E-05    -0.42720E+00     0.11864E-05     0.29561E-05
     0.10489E+01    -0.19933E+01     0.41178E-05    -0.42699E+00     0.11798E-05     0.29381E-05
     0.10600E+01    -0.19933E+01     0.41245E-05    -0.42458E+00     0.11867E-05     0.29378E-05
     0.10712E+01    -0.19933E+01     0.41623E-05    -0.42014E+00     0.12068E-05     0.29556E-05
     0.10824E+01    -0.19933E+01     0.42318E-05    -0.41389E+00     0.12402E-05     0.29916E-05
     0.10935E+01    -0.19933E+01     0.43333E-05    -0.40605E+00     0.12869E-05     0.30465E-05
     0.11047E+01    -0.19933E+01     0.44678E-05    -0.39687E+00     0.13473E-05     0.31205E-05
     0.11158E+01    -0.19933E+01     0.46361E-05    -0.38659E+00     0.14219E-05     0.32142E-05
     0.11269E+01    -0.19933E+01     0.48394E-05    -0.37546E+00     0.15112E-05     0.33282E-05
     0.11380E+01    -0.19933E+01     0.50788E-05    -0.36373E+00     0.16158E-05     0.34631E-05
     0.11491E+01    -0.19933E+01     0.53555E-05    -0.35162E+00     0.17362E-05     0.36193E-05
    -0.11220E+01    -0.40000E+01     0.10969E-05     0.18257E+00     0.64860E-06     0.44834E-06
    -0.11111E+01    -0.40000E+01     0.11326E-05     0.22999E+00     0.69655E-06     0.43607E-06
    -0.11003E+01    -0.40000E+01     0.11904E-05     0.28811E+00     0.76670E-06     0.42373E-06
    -0.10895E+01    -0.40000E+01     0.12796E-05     0.35632E+00     0.86779E-06     0.41184E-06
    -0.10786E+01    -0.40000E+01     0.14155E-05     0.43306E+00     0.10142E-05     0.40124E-06
    -0.10677E+01    -0.40000E+01     0.16238E-05     0.51548E+00     0.12304E-05     0.39337E-06
    -0.10568E+01    -0.40000E+01     0.19508E-05     0.59925E+00     0.15599E-05     0.39088E-06
    -0.10459E+01    -0.40000E+01     0.24844E-05     0.67881E+00     0.20854E-05     0.39898E-06
    -0.10350E+01    -0.40000E+01     0.34055E-05     0.74817E+00     0.29767E-05     0.42881E-06
    -0.10241E+01    -0.40000E+01     0.51099E-05     0.80206E+00     0.46042E-05     0.50573E-06
    -0.10132E+01    -0.40000E+01     0.87357E-05     0.83835E+00     0.80297E-05     0.70606E-06
    -0.10022E+01    -0.40000E+01     0.16847E-04     0.85525E+00     0.15628E-04     0.12193E-05
    -0.99124E+00    -0.40000E+01     0.31916E-04     0.85553E+00     0.29611E-04     0.23055E-05
    -0.98026E+00    -0.40000E+01     0.33467E-04     0.84274E+00     0.30835E-04     0.26315E-05
    -0.96927E+00    -0.40000E+01     0.19141E-04     0.82101E+00     0.17428E-04     0.17130E-05
    -0.95827E+00    -0.40000E+01     0.10570E-04     0.79417E+00     0.94820E-05     0.10878E-05
    -0.94726E+00    -0.40000E+01     0.65352E-05     0.76528E+00     0.57682E-05     0.76699E-06
    -0.93624E+00    -0.40000E+01     0.44660E-05     0.73654E+00     0.38777E-05     0.58830E-06
    -0.92520E+00    -0.40000E+01     0.32855E-05     0.70936E+00     0.28081E-05     0.47746E-06
    -0.91415E+00    -0.40000E+01     0.25508E-05     0.68447E+00     0.21484E-05     0.40242E-06
    -0.90310E+00    -0.40000E+01     0.20615E-05     0.66217E+00     0.17133E-05     0.34822E-06
    -0.89203E+00    -0.40000E+01     0.17184E-05     0.64240E+00     0.14112E-05     0.30726E-06
    -0.88095E+00    -0.40000E+01     0.14680E-05     0.62488E+00     0.11926E-05     0.27534E-06
    -0.86986E+00    -0.40000E+01     0.12796E-05     0.60923E+00     0.10296E-05     0.25002E-06
    -0.85875E+00    -0.40000E+01     0.11348E-05     0.59499E+00     0.90499E-06     0.22980E-06
    -0.84764E+00    -0.40000E+01     0.10217E-05     0.58172E+00     0.80805E-06     0.21369E-06
    -0.83652E+00    -0.40000E+01     0.93267E-06     0.56900E+00     0.73168E-06     0.20099E-06
    -0.82539E+00    -0.40000E+01     0.86227E-06     0.55649E+00     0.67106E-06     0.19121E-06
    -0.81424E+00    -0.40000E+01     0.80675E-06     0.54394E+00     0.62279E-06     0.18396E-06
    -0.80309E+00    -0.40000E+01     0.76335E-06     0.53119E+00     0.58442E-06     0.17893E-06
    -0.79193E+00    -0.40000E+01     0.73006E-06     0.51816E+00     0.55417E-06     0.17589E-06
    -0.78075E+00    -0.40000E+01     0.70535E-06     0.50488E+00     0.53074E-06     0.17462E-06
    -0.76957E+00    -0.40000E+01     0.68814E-06     0.49143E+00     0.51315E-06     0.17498E-06
    -0.75838E+00    -0.40000E+01     0.67761E-06     0.47798E+00     0.50075E-06     0.17686E-06
    -0.74718E+00    -0.40000E+01     0.67324E-06     0.46473E+00     0.49306E-06     0.18018E-06
    -0.73597E+00    -0.40000E+01     0.67473E-06     0.45192E+00     0.48983E-06     0.18490E-06
    -0.72475E+00    -0.40000E+01     0.68197E-06     0.43982E+00     0.49096E-06     0.19101E-06
    -0.71352E+00    -0.40000E+01     0.69510E-06     0.42867E+00     0.49654E-06     0.19856E-06
    -0.70228E+00    -0.40000E+01     0.71445E-06     0.41875E+00     0.50682E-06     0.20764E-06
    -0.69104E+00    -0.40000E+01     0.74065E-06     0.41029E+00     0.52227E-06     0.21838E-06
    -0.67978E+00    -0.40000E+01     0.77464E-06     0.40353E+00     0.54362E-06     0.23103E-06
    -0.66852E+00    -0.40000E+01     0.81780E-06     0.39867E+00     0.57192E-06     0.24588E-06
    -0.65725E+00    -0.40000E+01     0.87206E-06     0.39591E+00     0.60866E-06     0.26340E-06
    -0.64597E+00    -0.40000E+01     0.94017E-06     0.39544E+00     0.65597E-06     0.28420E-06
    -0.63468E+00    -0.40000E+01     0.10260E-05     0.39741E+00     0.71687E-06     0.30913E-06
    -0.62339E+00    -0.40000E+01     0.11351E-05     0.40201E+00     0.79571E-06     0.33939E-06
    -0.61209E+00    -0.40000E+01     0.12756E-05     0.40936E+00     0.89886E-06     0.37670E-06
    -0.60078E+00    -0.40000E+01     0.14595E-05     0.41959E+00     0.10360E-05     0.42356E-06
    -0.58946E+00    -0.40000E+01     0.17055E-05     0.43279E+00     0.12218E-05     0.48370E-06
    -0.57814E+00    -0.40000E+01     0.20432E-05     0.44898E+00     0.14803E-05     0.56291E-06
    -0.56680E+00    -0.40000E+01     0.25214E-05     0.46814E+00     0.18509E-05     0.67051E-06
    -0.55546E+00    -0.40000E+01     0.32248E-05     0.49013E+00     0.24027E-05     0.82212E-06
    -0.54412E+00    -0.40000E+01     0.43079E-05     0.51473E+00     0.32627E-05     0.10453E-05
    -0.53277E+00    -0.40000E+01     0.60681E-05     0.54161E+00     0.46774E-05     0.13908E-05
    -0.52141E+00    -0.40000E+01     0.91044E-05     0.57031E+00     0.71484E-05     0.19560E-05
    -0.51004E+00    -0.40000E+01     0.14606E-04     0.60030E+00     0.11687E-04     0.29191E-05
    -0.49867E+00    -0.40000E+01     0.24287E-04     0.63092E+00     0.19805E-04     0.44820E-05
    -0.48729E+00    -0.40000E+01     0.36186E-04     0.66148E+00     0.30061E-04     0.61248E-05
    -0.47591E+00    -0.40000E+01     0.37490E-04     0.69130E+00     0.31704E-04     0.57867E-05
    -0.46452E+00    -0.40000E+01     0.27492E-04     0.71973E+00     0.23639E-04     0.38526E-05
    -0.45313E+00    -0.40000E+01     0.18416E-04     0.74623E+00     0.16080E-04     0.23367E-05
    -0.44172E+00    -0.40000E+01     0.12856E-04     0.77042E+00     0.11381E-04     0.14758E-05
    -0.43032E+00    -0.40000E+01     0.95933E-05     0.79204E+00     0.85958E-05     0.99751E-06
    -0.41891E+00    -0.40000E+01     0.76078E-05     0.81100E+00     0.68889E-05     0.71896E-06
    -0.40749E+00    -0.40000E+01     0.63414E-05     0.82729E+00     0.57938E-05     0.54760E-06
    -0.39607E+00    -0.40000E+01     0.54980E-05     0.84102E+00     0.50610E-05     0.43702E-06
    -0.38464E+00    -0.40000E+01     0.49146E-05     0.85230E+00     0.45517E-05     0.36294E-06
    -0.37321E+00    -0.40000E+01     0.44966E-05     0.86124E+00     0.41846E-05     0.31197E-06
    -0.36177E+00    -0.40000E+01     0.41861E-05     0.86792E+00     0.39097E-05     0.27644E-06
    -0.35033E+00    -0.40000E+01     0.39460E-05     0.87237E+00     0.36942E-05     0.25181E-06
    -0.33889E+00    -0.40000E+01     0.37517E-05     0.87454E+00     0.35164E-05     0.23535E-06
    -0.32744E+00    -0.40000E+01     0.35867E-05     0.87425E+00     0.33612E-05     0.22551E-06
    -0.31599E+00    -0.40000E+01     0.34403E-05     0.87124E+00     0.32188E-05     0.22148E-06
    -0.30453E+00    -0.40000E+01     0.33061E-05     0.86507E+00     0.30830E-05     0.22305E-06
    -0.29307E+00    -0.40000E+01     0.31814E-05     0.85512E+00     0.29509E-05     0.23046E-06
    -0.28161E+00    -0.40000E+01     0.30667E-05     0.84065E+00     0.28224E-05     0.24434E-06
    -0.27014E+00    -0.40000E+01     0.29652E-05     0.82083E+00     0.26996E-05     0.26565E-06
    -0.25867E+00    -0.40000E+01     0.28824E-05     0.79487E+00     0.25867E-05     0.29563E-06
    -0.24719E+00    -0.40000E+01     0.28256E-05     0.76233E+00     0.24898E-05     0.33577E-06
    -0.23572E+00    -0.40000E+01     0.28040E-05     0.72341E+00     0.24162E-05     0.38778E-06
    -0.22424E+00    -0.40000E+01     0.28285E-05     0.67924E+00     0.23748E-05     0.45363E-06
    -0.21275E+00    -0.40000E+01     0.29121E-05     0.63205E+00     0.23764E-05     0.53576E-06
    -0.20127E+00    -0.40000E+01     0.30719E-05     0.58501E+00     0.24345E-05     0.63740E-06
    -0.18978E+00    -0.40000E+01     0.33312E-05     0.54178E+00     0.25680E-05     0.76321E-06
    -0.17829E+00    -0.40000E+01     0.37253E-05     0.50586E+00     0.28049E-05     0.92041E-06
    -0.16680E+00    -0.40000E+01     0.43099E-05     0.47998E+00     0.31893E-05     0.11206E-05
    -0.15530E+00    -0.40000E+01     0.51748E-05     0.46569E+00     0.37923E-05     0.13825E-05
    -0.14381E+00    -0.40000E+01     0.64583E-05     0.46286E+00     0.47238E-05     0.17345E-05
    -0.13231E+00    -0.40000E+01     0.83340E-05     0.46924E+00     0.61223E-05     0.22117E-05
    -0.12081E+00    -0.40000E+01     0.10861E-04     0.47983E+00     0.80361E-05     0.28247E-05
    -0.10931E+00    -0.40000E+01     0.13527E-04     0.48701E+00     0.10058E-04     0.34697E-05
    -0.97806E-01    -0.40000E+01     0.15033E-04     0.48223E+00     0.11141E-04     0.38917E-05
    -0.86302E-01    -0.40000E+01     0.14695E-04     0.45964E+00     0.10725E-04     0.39702E-05
    -0.74798E-01    -0.40000E+01     0.13399E-04     0.41890E+00     0.95057E-05     0.38930E-05
    -0.63292E-01    -0.40000E+01     0.12133E-04     0.36438E+00     0.82772E-05     0.38561E-05
    -0.51785E-01    -0.40000E+01     0.11222E-04     0.30180E+00     0.73042E-05     0.39175E-05
    -0.40278E-01    -0.40000E+01     0.10638E-04     0.23557E+00     0.65718E-05     0.40659E-05
    -0.28770E-01    -0.40000E+01     0.10286E-04     0.16819E+00     0.60081E-05     0.42781E-05
    -0.17262E-01    -0.40000E+01     0.10090E-04     0.10076E+00     0.55534E-05     0.45367E-05
    -0.57542E-02    -0.40000E+01     0.10003E-04     0.33547E-01     0.51692E-05     0.48336E-05
     0.57542E-02    -0.40000E+01     0.10003E-04    -0.33554E-01     0.48336E-05     0.51692E-05
     0.17262E-01    -0.40000E+01     0.10090E-04    -0.10077E+00     0.45367E-05     0.55534E-05
     0.28770E-01    -0.40000E+01     0.10286E-04    -0.16820E+00     0.42780E-05     0.60081E-05
     0.40278E-01    -0.40000E+01     0.10638E-04    -0.23557E+00     0.40659E-05     0.65718E-05
     0.51785E-01    -0.40000E+01     0.11222E-04    -0.30180E+00     0.39175E-05     0.73042E-05
     0.63292E-01    -0.40000E+01     0.12133E-04    -0.36438E+00     0.38560E-05     0.82772E-05
     0.74798E-01    -0.40000E+01     0.13399E-04    -0.41890E+00     0.38930E-05     0.95057E-05
     0.86302E-01    -0.40000E+01     0.14695E-04    -0.45964E+00     0.39702E-05     0.10725E-04
     0.97806E-01    -0.40000E+01     0.15033E-04    -0.48223E+00     0.38917E-05     0.11141E-04
     0.10931E+00    -0.40000E+01     0.13527E-04    -0.48700E+00     0.34697E-05     0.10057E-04
     0.12081E+00    -0.40000E+01     0.10861E-04    -0.47983E+00     0.28247E-05     0.80361E-05
     0.13231E+00    -0.40000E+01     0.83340E-05    -0.46924E+00     0.22117E-05     0.61223E-05
     0.14381E+00    -0.40000E+01     0.64582E-05    -0.46286E+00     0.17345E-05     0.47237E-05
     0.15530E+00    -0.40000E+01     0.51748E-05    -0.46568E+00     0.13825E-05     0.37923E-05
     0.16680E+00    -0.40000E+01     0.43099E-05    -0.47998E+00     0.11206E-05     0.31893E-05
     0.17829E+00    -0.40000E+01     0.37253E-05    -0.50585E+00     0.92042E-06     0.28049E-05
     0.18978E+00    -0.40000E+01     0.33312E-05    -0.54177E+00     0.76322E-06     0.25680E-05
     0.20127E+00    -0.40000E+01     0.30719E-05    -0.58500E+00     0.63741E-06     0.24345E-05
     0.21275E+00    -0.40000E+01     0.29122E-05    -0.63204E+00     0.53578E-06     0.23764E-05
     0.22424E+00    -0.40000E+01     0.28285E-05    -0.67923E+00     0.45364E-06     0.23748E-05
     0.23572E+00    -0.40000E+01     0.28040E-05    -0.72341E+00     0.38779E-06     0.24162E-05
     0.24719E+00    -0.40000E+01     0.28256E-05    -0.76233E+00     0.33578E-06     0.24898E-05
     0.25867E+00    -0.40000E+01     0.28824E-05    -0.79486E+00     0.29564E-06     0.25868E-05
     0.27014E+00    -0.40000E+01     0.29653E-05    -0.82082E+00     0.26566E-06     0.26996E-05
     0.28161E+00    -0.40000E+01     0.30668E-05    -0.84065E+00     0.24434E-06     0.28224E-05
     0.29307E+00    -0.40000E+01     0.31814E-05    -0.85512E+00     0.23046E-06     0.29510E-05
     0.30453E+00    -0.40000E+01     0.33061E-05    -0.86507E+00     0.22305E-06     0.30831E-05
     0.31599E+00    -0.40000E+01     0.34403E-05    -0.87124E+00     0.22148E-06     0.32188E-05
     0.32744E+00    -0.40000E+01     0.35868E-05    -0.87425E+00     0.22551E-06     0.33613E-05
     0.33889E+00    -0.40000E+01     0.37518E-05    -0.87454E+00     0.23536E-06     0.35164E-05
     0.35033E+00    -0.40000E+01     0.39461E-05    -0.87237E+00     0.25181E-06     0.36943E-05
     0.36177E+00    -0.40000E+01     0.41862E-05    -0.86792E+00     0.27645E-06     0.39098E-05
     0.37321E+00    -0.40000E+01     0.44967E-05    -0.86124E+00     0.31198E-06     0.41847E-05
     0.38464E+00    -0.40000E+01     0.49147E-05    -0.85230E+00     0.36294E-06     0.45517E-05
     0.39607E+00    -0.40000E+01     0.54981E-05    -0.84102E+00     0.43703E-06     0.50611E-05
     0.40749E+00    -0.40000E+01     0.63415E-05    -0.82729E+00     0.54761E-06     0.57939E-05
     0.41891E+00    -0.40000E+01     0.76080E-05    -0.81100E+00     0.71897E-06     0.68890E-05
     0.43032E+00    -0.40000E+01     0.95935E-05    -0.79204E+00     0.99753E-06     0.85959E-05
     0.44172E+00    -0.40000E+01     0.12857E-04    -0.77042E+00     0.14758E-05     0.11381E-04
     0.45313E+00    -0.40000E+01     0.18417E-04    -0.74623E+00     0.23368E-05     0.16080E-04
     0.46452E+00    -0.40000E+01     0.27492E-04    -0.71973E+00     0.38527E-05     0.23640E-04
     0.47591E+00    -0.40000E+01     0.37491E-04    -0.69130E+00     0.57867E-05     0.31704E-04
     0.48729E+00    -0.40000E+01     0.36186E-04    -0.66148E+00     0.61249E-05     0.30061E-04
     0.49867E+00    -0.40000E+01     0.24287E-04    -0.63092E+00     0.44820E-05     0.19805E-04
     0.51004E+00    -0.40000E+01     0.14606E-04    -0.60030E+00     0.29191E-05     0.11687E-04
     0.52141E+00    -0.40000E+01     0.91044E-05    -0.57031E+00     0.19560E-05     0.71484E-05
     0.53277E+00    -0.40000E+01     0.60681E-05    -0.54161E+00     0.13908E-05     0.46773E-05
     0.54412E+00    -0.40000E+01     0.43079E-05    -0.51473E+00     0.10453E-05     0.32627E-05
     0.55546E+00    -0.40000E+01     0.32248E-05    -0.49013E+00     0.82212E-06     0.24027E-05
     0.56680E+00    -0.40000E+01     0.25214E-05    -0.46814E+00     0.67052E-06     0.18509E-05
     0.57814E+00    -0.40000E+01     0.20432E-05    -0.44898E+00     0.56292E-06     0.14803E-05
     0.58946E+00    -0.40000E+01     0.17055E-05    -0.43278E+00     0.48370E-06     0.12218E-05
     0.60078E+00    -0.40000E+01     0.14595E-05    -0.41959E+00     0.42356E-06     0.10360E-05
     0.61209E+00    -0.40000E+01     0.12756E-05    -0.40935E+00     0.37671E-06     0.89887E-06
     0.62339E+00    -0.40000E+01     0.11351E-05    -0.40200E+00     0.33939E-06     0.79571E-06
     0.63468E+00    -0.40000E+01     0.10260E-05    -0.39741E+00     0.30913E-06     0.71687E-06
     0.64597E+00    -0.40000E+01     0.94017E-06    -0.39543E+00     0.28420E-06     0.65598E-06
     0.65725E+00    -0.40000E+01     0.87207E-06    -0.39591E+00     0.26340E-06     0.60866E-06
     0.66852E+00    -0.40000E+01     0.81780E-06    -0.39867E+00     0.24589E-06     0.57192E-06
     0.67978E+00    -0.40000E+01     0.77465E-06    -0.40353E+00     0.23103E-06     0.54362E-06
     0.69104E+00    -0.40000E+01     0.74066E-06    -0.41029E+00     0.21839E-06     0.52227E-06
     0.70228E+00    -0.40000E+01     0.71446E-06    -0.41875E+00     0.20764E-06     0.50682E-06
     0.71352E+00    -0.40000E+01     0.69510E-06    -0.42867E+00     0.19857E-06     0.49654E-06
     0.72475E+00    -0.40000E+01     0.68198E-06    -0.43982E+00     0.19102E-06     0.49096E-06
     0.73597E+00    -0.40000E+01     0.67473E-06    -0.45192E+00     0.18490E-06     0.48983E-06
     0.74718E+00    -0.40000E+01     0.67324E-06    -0.46473E+00     0.18018E-06     0.49306E-06
     0.75838E+00    -0.40000E+01     0.67761E-06    -0.47798E+00     0.17686E-06     0.50075E-06
     0.76957E+00    -0.40000E+01     0.68814E-06    -0.49143E+00     0.17498E-06     0.51315E-06
     0.78075E+00    -0.40000E+01     0.70536E-06    -0.50487E+00     0.17462E-06     0.53074E-06
     0.79193E+00    -0.40000E+01     0.73006E-06    -0.51816E+00     0.17589E-06     0.55417E-06
     0.80309E+00    -0.40000E+01     0.76336E-06    -0.53119E+00     0.17894E-06     0.58442E-06
     0.81424E+00    -0.40000E+01     0.80675E-06    -0.54394E+00     0.18396E-06     0.62279E-06
     0.82539E+00    -0.40000E+01     0.86227E-06    -0.55649E+00     0.19121E-06     0.67106E-06
     0.83652E+00    -0.40000E+01     0.93267E-06    -0.56900E+00     0.20099E-06     0.73168E-06
     0.84764E+00    -0.40000E+01     0.10217E-05    -0.58172E+00     0.21369E-06     0.80805E-06
     0.85875E+00    -0.40000E+01     0.11348E-05    -0.59499E+00     0.22980E-06     0.90499E-06
     0.86986E+00    -0.40000E+01     0.12796E-05    -0.60923E+00     0.25002E-06     0.10296E-05
     0.88095E+00    -0.40000E+01     0.14680E-05    -0.62488E+00     0.27534E-06     0.11926E-05
     0.89203E+00    -0.40000E+01     0.17184E-05    -0.64240E+00     0.30726E-06     0.14112E-05
     0.90310E+00    -0.40000E+01     0.20615E-05    -0.66217E+00     0.34822E-06     0.17133E-05
     0.91415E+00    -0.40000E+01     0.25508E-05    -0.68447E+00     0.40242E-06     0.21484E-05
     0.92520E+00    -0.40000E+01     0.32855E-05    -0.70936E+00     0.47745E-06     0.28080E-05
     0.93624E+00    -0.40000E+01     0.44659E-05    -0.73654E+00     0.58829E-06     0.38776E-05
     0.94726E+00    -0.40000E+01     0.65351E-05    -0.76528E+00     0.76697E-06     0.57682E-05
     0.95827E+00    -0.40000E+01     0.10570E-04    -0.79417E+00     0.10878E-05     0.94818E-05
     0.96927E+00    -0.40000E+01     0.19140E-04    -0.82101E+00     0.17129E-05     0.17427E-04
     0.98026E+00    -0.40000E+01     0.33466E-04    -0.84274E+00     0.26314E-05     0.30835E-04
     0.99124E+00    -0.40000E+01     0.31917E-04    -0.85553E+00     0.23055E-05     0.29611E-04
     0.10022E+01    -0.40000E+01     0.16848E-04    -0.85525E+00     0.12193E-05     0.15628E-04
     0.10132E+01    -0.40000E+01     0.87360E-05    -0.83835E+00     0.70607E-06     0.80299E-05
     0.10241E+01    -0.40000E+01     0.51100E-05    -0.80206E+00     0.50573E-06     0.46043E-05
     0.10350E+01    -0.40000E+01     0.34055E-05    -0.74817E+00     0.42881E-06     0.29767E-05
     0.10459E+01    -0.40000E+01     0.24844E-05    -0.67881E+00     0.39898E-06     0.20854E-05
     0.10568E+01    -0.40000E+01     0.19508E-05    -0.59926E+00     0.39088E-06     0.15599E-05
     0.10677E+01    -0.40000E+01     0.16238E-05    -0.51548E+00     0.39337E-06     0.12304E-05
     0.10786E+01    -0.40000E+01     0.14155E-05    -0.43306E+00     0.40124E-06     0.10142E-05
     0.10895E+01    -0.40000E+01     0.12796E-05    -0.35632E+00     0.41184E-06     0.86780E-06
     0.11003E+01    -0.40000E+01     0.11904E-05    -0.28811E+00     0.42373E-06     0.76670E-06
     0.11111E+01    -0.40000E+01     0.11326E-05    -0.22998E+00     0.43607E-06     0.69656E-06
     0.11220E+01    -0.40000E+01     0.10969E-05    -0.18256E+00     0.44834E-06     0.64860E-06
